  BOSS.cpp
c:\users\user\desktop\wp_team\wp_team\wp_team\boss.cpp(37): warning C4244: '=': 'float'에서 'LONG'(으)로 변환하면서 데이터가 손실될 수 있습니다.
c:\users\user\desktop\wp_team\wp_team\wp_team\boss.cpp(38): warning C4244: '=': 'float'에서 'LONG'(으)로 변환하면서 데이터가 손실될 수 있습니다.
c:\users\user\desktop\wp_team\wp_team\wp_team\boss.cpp(39): warning C4244: '=': 'float'에서 'LONG'(으)로 변환하면서 데이터가 손실될 수 있습니다.
c:\users\user\desktop\wp_team\wp_team\wp_team\boss.cpp(40): warning C4244: '=': 'float'에서 'LONG'(으)로 변환하면서 데이터가 손실될 수 있습니다.
c:\users\user\desktop\wp_team\wp_team\wp_team\boss.cpp(54): warning C4244: '=': 'double'에서 'float'(으)로 변환하면서 데이터가 손실될 수 있습니다.
c:\users\user\desktop\wp_team\wp_team\wp_team\boss.cpp(56): warning C4244: '인수': 'float'에서 'int'(으)로 변환하면서 데이터가 손실될 수 있습니다.
c:\users\user\desktop\wp_team\wp_team\wp_team\boss.cpp(78): warning C4244: '인수': 'float'에서 'int'(으)로 변환하면서 데이터가 손실될 수 있습니다.
c:\users\user\desktop\wp_team\wp_team\wp_team\boss.cpp(77): warning C4244: '인수': 'float'에서 'int'(으)로 변환하면서 데이터가 손실될 수 있습니다.
c:\users\user\desktop\wp_team\wp_team\wp_team\boss.cpp(76): warning C4244: '인수': 'float'에서 'int'(으)로 변환하면서 데이터가 손실될 수 있습니다.
c:\users\user\desktop\wp_team\wp_team\wp_team\boss.cpp(75): warning C4244: '인수': 'float'에서 'int'(으)로 변환하면서 데이터가 손실될 수 있습니다.
c:\users\user\desktop\wp_team\wp_team\wp_team\boss.cpp(83): warning C4244: '인수': 'LONG'에서 'float'(으)로 변환하면서 데이터가 손실될 수 있습니다.
c:\users\user\desktop\wp_team\wp_team\wp_team\boss.cpp(85): warning C4244: '인수': 'LONG'에서 'float'(으)로 변환하면서 데이터가 손실될 수 있습니다.
c:\users\user\desktop\wp_team\wp_team\wp_team\boss.cpp(87): warning C4244: '인수': 'LONG'에서 'float'(으)로 변환하면서 데이터가 손실될 수 있습니다.
c:\users\user\desktop\wp_team\wp_team\wp_team\boss.cpp(89): warning C4244: '인수': 'LONG'에서 'float'(으)로 변환하면서 데이터가 손실될 수 있습니다.
c:\users\user\desktop\wp_team\wp_team\wp_team\boss.cpp(89): warning C4390: ';': 제어된 빈 문이 있습니다. 이 문이 필요합니까?
c:\users\user\desktop\wp_team\wp_team\wp_team\boss.cpp(105): warning C4244: '=': 'double'에서 'float'(으)로 변환하면서 데이터가 손실될 수 있습니다.
c:\users\user\desktop\wp_team\wp_team\wp_team\boss.cpp(112): warning C4244: '=': 'double'에서 'float'(으)로 변환하면서 데이터가 손실될 수 있습니다.
c:\users\user\desktop\wp_team\wp_team\wp_team\boss.cpp(123): warning C4244: '=': 'double'에서 'float'(으)로 변환하면서 데이터가 손실될 수 있습니다.
c:\users\user\desktop\wp_team\wp_team\wp_team\boss.cpp(154): warning C4244: 'return': 'const float'에서 'int'(으)로 변환하면서 데이터가 손실될 수 있습니다.
  WP_TEAM.vcxproj -> C:\Users\user\Desktop\WP_TEAM\WP_TEAM\Debug\WP_TEAM.exe
