  BOSS.cpp
c:\users\user\desktop\wp_team\wp_team\wp_team\boss.cpp(26): warning C4244: '=': 'double'에서 'float'(으)로 변환하면서 데이터가 손실될 수 있습니다.
c:\users\user\desktop\wp_team\wp_team\wp_team\boss.cpp(27): warning C4244: '=': 'double'에서 'float'(으)로 변환하면서 데이터가 손실될 수 있습니다.
c:\users\user\desktop\wp_team\wp_team\wp_team\boss.cpp(46): warning C4244: '=': 'float'에서 'LONG'(으)로 변환하면서 데이터가 손실될 수 있습니다.
c:\users\user\desktop\wp_team\wp_team\wp_team\boss.cpp(47): warning C4244: '=': 'float'에서 'LONG'(으)로 변환하면서 데이터가 손실될 수 있습니다.
c:\users\user\desktop\wp_team\wp_team\wp_team\boss.cpp(48): warning C4244: '=': 'float'에서 'LONG'(으)로 변환하면서 데이터가 손실될 수 있습니다.
c:\users\user\desktop\wp_team\wp_team\wp_team\boss.cpp(49): warning C4244: '=': 'float'에서 'LONG'(으)로 변환하면서 데이터가 손실될 수 있습니다.
c:\users\user\desktop\wp_team\wp_team\wp_team\boss.cpp(63): warning C4244: '=': 'double'에서 'float'(으)로 변환하면서 데이터가 손실될 수 있습니다.
c:\users\user\desktop\wp_team\wp_team\wp_team\boss.cpp(65): warning C4244: '인수': 'float'에서 'int'(으)로 변환하면서 데이터가 손실될 수 있습니다.
c:\users\user\desktop\wp_team\wp_team\wp_team\boss.cpp(87): warning C4244: '인수': 'float'에서 'int'(으)로 변환하면서 데이터가 손실될 수 있습니다.
c:\users\user\desktop\wp_team\wp_team\wp_team\boss.cpp(86): warning C4244: '인수': 'float'에서 'int'(으)로 변환하면서 데이터가 손실될 수 있습니다.
c:\users\user\desktop\wp_team\wp_team\wp_team\boss.cpp(85): warning C4244: '인수': 'float'에서 'int'(으)로 변환하면서 데이터가 손실될 수 있습니다.
c:\users\user\desktop\wp_team\wp_team\wp_team\boss.cpp(84): warning C4244: '인수': 'float'에서 'int'(으)로 변환하면서 데이터가 손실될 수 있습니다.
c:\users\user\desktop\wp_team\wp_team\wp_team\boss.cpp(92): warning C4244: '인수': 'LONG'에서 'float'(으)로 변환하면서 데이터가 손실될 수 있습니다.
c:\users\user\desktop\wp_team\wp_team\wp_team\boss.cpp(94): warning C4244: '인수': 'LONG'에서 'float'(으)로 변환하면서 데이터가 손실될 수 있습니다.
c:\users\user\desktop\wp_team\wp_team\wp_team\boss.cpp(96): warning C4244: '인수': 'LONG'에서 'float'(으)로 변환하면서 데이터가 손실될 수 있습니다.
c:\users\user\desktop\wp_team\wp_team\wp_team\boss.cpp(98): warning C4244: '인수': 'LONG'에서 'float'(으)로 변환하면서 데이터가 손실될 수 있습니다.
c:\users\user\desktop\wp_team\wp_team\wp_team\boss.cpp(138): warning C4244: '=': 'double'에서 'float'(으)로 변환하면서 데이터가 손실될 수 있습니다.
c:\users\user\desktop\wp_team\wp_team\wp_team\boss.cpp(143): warning C4244: '=': 'int'에서 'float'(으)로 변환하면서 데이터가 손실될 수 있습니다.
c:\users\user\desktop\wp_team\wp_team\wp_team\boss.cpp(145): warning C4244: '=': 'double'에서 'float'(으)로 변환하면서 데이터가 손실될 수 있습니다.
c:\users\user\desktop\wp_team\wp_team\wp_team\boss.cpp(146): warning C4244: '=': 'double'에서 'float'(으)로 변환하면서 데이터가 손실될 수 있습니다.
c:\users\user\desktop\wp_team\wp_team\wp_team\boss.cpp(156): warning C4244: '=': 'double'에서 'float'(으)로 변환하면서 데이터가 손실될 수 있습니다.
c:\users\user\desktop\wp_team\wp_team\wp_team\boss.cpp(157): warning C4244: '=': 'double'에서 'float'(으)로 변환하면서 데이터가 손실될 수 있습니다.
c:\users\user\desktop\wp_team\wp_team\wp_team\boss.cpp(158): warning C4244: '인수': 'double'에서 'float'(으)로 변환하면서 데이터가 손실될 수 있습니다.
c:\users\user\desktop\wp_team\wp_team\wp_team\boss.cpp(189): warning C4244: 'return': 'const float'에서 'int'(으)로 변환하면서 데이터가 손실될 수 있습니다.
  WP_TEAM.vcxproj -> C:\Users\user\Desktop\WP_TEAM\WP_TEAM\x64\Debug\WP_TEAM.exe
