d:\my_pg\windows_p\wp\wp_team\wp_team\x64\debug\wp_team.pch
d:\my_pg\windows_p\wp\wp_team\wp_team\x64\debug\vc141.pdb
d:\my_pg\windows_p\wp\wp_team\wp_team\x64\debug\vc141.idb
d:\my_pg\windows_p\wp\wp_team\wp_team\x64\debug\stdafx.obj
d:\my_pg\windows_p\wp\wp_team\wp_team\x64\debug\wp_team.obj
d:\my_pg\windows_p\wp\wp_team\wp_team\x64\debug\sboss.obj
d:\my_pg\windows_p\wp\wp_team\wp_team\x64\debug\hero.obj
d:\my_pg\windows_p\wp\wp_team\wp_team\x64\debug\gm.obj
d:\my_pg\windows_p\wp\wp_team\wp_team\x64\debug\effect.obj
d:\my_pg\windows_p\wp\wp_team\wp_team\x64\debug\boss.obj
d:\my_pg\windows_p\wp\wp_team\wp_team\x64\debug\wp_team.res
d:\my_pg\windows_p\123aw\wp_team\wp_team\x64\debug\boss.obj
d:\my_pg\windows_p\123aw\wp_team\wp_team\x64\debug\effect.obj
d:\my_pg\windows_p\123aw\wp_team\wp_team\x64\debug\gm.obj
d:\my_pg\windows_p\123aw\wp_team\wp_team\x64\debug\hero.obj
d:\my_pg\windows_p\123aw\wp_team\wp_team\x64\debug\sboss.obj
d:\my_pg\windows_p\123aw\wp_team\wp_team\x64\debug\stdafx.obj
d:\my_pg\windows_p\123aw\wp_team\wp_team\x64\debug\wp_team.obj
d:\my_pg\windows_p\123aw\wp_team\wp_team\x64\debug\wp_team.res
d:\my_pg\windows_p\123aw\wp_team\wp_team\x64\debug\wp_team.pch
d:\my_pg\windows_p\123aw\wp_team\wp_team\x64\debug\vc141.idb
d:\my_pg\windows_p\123aw\wp_team\wp_team\x64\debug\vc141.pdb
d:\my_pg\windows_p\123aw\wp_team\x64\debug\wp_team.pdb
d:\my_pg\windows_p\123aw\wp_team\x64\debug\wp_team.exe
d:\my_pg\windows_p\123aw\wp_team\x64\debug\wp_team.ilk
d:\my_pg\windows_p\123aw\wp_team\wp_team\x64\debug\wp_team.tlog\cl.command.1.tlog
d:\my_pg\windows_p\123aw\wp_team\wp_team\x64\debug\wp_team.tlog\cl.read.1.tlog
d:\my_pg\windows_p\123aw\wp_team\wp_team\x64\debug\wp_team.tlog\cl.write.1.tlog
d:\my_pg\windows_p\123aw\wp_team\wp_team\x64\debug\wp_team.tlog\link-cvtres.read.1.tlog
d:\my_pg\windows_p\123aw\wp_team\wp_team\x64\debug\wp_team.tlog\link-cvtres.write.1.tlog
d:\my_pg\windows_p\123aw\wp_team\wp_team\x64\debug\wp_team.tlog\link-rc.read.1.tlog
d:\my_pg\windows_p\123aw\wp_team\wp_team\x64\debug\wp_team.tlog\link-rc.write.1.tlog
d:\my_pg\windows_p\123aw\wp_team\wp_team\x64\debug\wp_team.tlog\link.command.1.tlog
d:\my_pg\windows_p\123aw\wp_team\wp_team\x64\debug\wp_team.tlog\link.read.1.tlog
d:\my_pg\windows_p\123aw\wp_team\wp_team\x64\debug\wp_team.tlog\link.write.1.tlog
d:\my_pg\windows_p\123aw\wp_team\wp_team\x64\debug\wp_team.tlog\rc.command.1.tlog
d:\my_pg\windows_p\123aw\wp_team\wp_team\x64\debug\wp_team.tlog\rc.read.1.tlog
d:\my_pg\windows_p\123aw\wp_team\wp_team\x64\debug\wp_team.tlog\rc.write.1.tlog
